2025-06-02T11:54:03.830+05:30  INFO 5076 --- [jwt-authentication] [main] c.p.j.JwtAuthenticationApplication       : Starting JwtAuthenticationApplication using Java 24.0.1 with PID 5076 (E:\Paymedia\5_8_2025\jwt-authentication\target\classes started by prade in E:\Paymedia\5_8_2025\jwt-authentication)
2025-06-02T11:54:03.838+05:30  INFO 5076 --- [jwt-authentication] [main] c.p.j.JwtAuthenticationApplication       : No active profile set, falling back to 1 default profile: "default"
2025-06-02T11:54:05.066+05:30  INFO 5076 --- [jwt-authentication] [main] .s.d.r.c.RepositoryConfigurationDelegate : Bootstrapping Spring Data JPA repositories in DEFAULT mode.
2025-06-02T11:54:05.279+05:30  INFO 5076 --- [jwt-authentication] [main] .s.d.r.c.RepositoryConfigurationDelegate : Finished Spring Data repository scanning in 201 ms. Found 5 JPA repository interfaces.
2025-06-02T11:54:05.864+05:30  WARN 5076 --- [jwt-authentication] [main] trationDelegate$BeanPostProcessorChecker : Bean 'customMethodSecurityConfig' of type [com.paymedia.jwt_authentication.configs.CustomMethodSecurityConfig$$SpringCGLIB$$0] is not eligible for getting processed by all BeanPostProcessors (for example: not eligible for auto-proxying). Is this bean getting eagerly injected/applied to a currently created BeanPostProcessor [projectingArgumentResolverBeanPostProcessor]? Check the corresponding BeanPostProcessor declaration and its dependencies/advisors. If this bean does not have to be post-processed, declare it with ROLE_INFRASTRUCTURE.
2025-06-02T11:54:06.358+05:30  INFO 5076 --- [jwt-authentication] [main] o.s.b.w.embedded.tomcat.TomcatWebServer  : Tomcat initialized with port 8080 (http)
2025-06-02T11:54:06.381+05:30  INFO 5076 --- [jwt-authentication] [main] o.apache.catalina.core.StandardService   : Starting service [Tomcat]
2025-06-02T11:54:06.382+05:30  INFO 5076 --- [jwt-authentication] [main] o.apache.catalina.core.StandardEngine    : Starting Servlet engine: [Apache Tomcat/10.1.40]
2025-06-02T11:54:06.481+05:30  INFO 5076 --- [jwt-authentication] [main] o.a.c.c.C.[Tomcat].[localhost].[/]       : Initializing Spring embedded WebApplicationContext
2025-06-02T11:54:06.481+05:30  INFO 5076 --- [jwt-authentication] [main] w.s.c.ServletWebServerApplicationContext : Root WebApplicationContext: initialization completed in 2544 ms
2025-06-02T11:54:06.819+05:30  INFO 5076 --- [jwt-authentication] [main] o.hibernate.jpa.internal.util.LogHelper  : HHH000204: Processing PersistenceUnitInfo [name: default]
2025-06-02T11:54:06.922+05:30  INFO 5076 --- [jwt-authentication] [main] org.hibernate.Version                    : HHH000412: Hibernate ORM core version 6.6.13.Final
2025-06-02T11:54:06.992+05:30  INFO 5076 --- [jwt-authentication] [main] o.h.c.internal.RegionFactoryInitiator    : HHH000026: Second-level cache disabled
2025-06-02T11:54:07.545+05:30  INFO 5076 --- [jwt-authentication] [main] o.s.o.j.p.SpringPersistenceUnitInfo      : No LoadTimeWeaver setup: ignoring JPA class transformer
2025-06-02T11:54:07.608+05:30  INFO 5076 --- [jwt-authentication] [main] com.zaxxer.hikari.HikariDataSource       : HikariPool-1 - Starting...
2025-06-02T11:54:08.003+05:30  INFO 5076 --- [jwt-authentication] [main] com.zaxxer.hikari.pool.HikariPool        : HikariPool-1 - Added connection com.mysql.cj.jdbc.ConnectionImpl@1e477944
2025-06-02T11:54:08.006+05:30  INFO 5076 --- [jwt-authentication] [main] com.zaxxer.hikari.HikariDataSource       : HikariPool-1 - Start completed.
2025-06-02T11:54:08.168+05:30  INFO 5076 --- [jwt-authentication] [main] org.hibernate.orm.connections.pooling    : HHH10001005: Database info:
	Database JDBC URL [Connecting through datasource 'HikariDataSource (HikariPool-1)']
	Database driver: undefined/unknown
	Database version: 8.0.41
	Autocommit mode: undefined/unknown
	Isolation level: undefined/unknown
	Minimum pool size: undefined/unknown
	Maximum pool size: undefined/unknown
2025-06-02T11:54:09.527+05:30  INFO 5076 --- [jwt-authentication] [main] o.h.e.t.j.p.i.JtaPlatformInitiator       : HHH000489: No JTA platform available (set 'hibernate.transaction.jta.platform' to enable JTA platform integration)
2025-06-02T11:54:09.685+05:30  INFO 5076 --- [jwt-authentication] [main] j.LocalContainerEntityManagerFactoryBean : Initialized JPA EntityManagerFactory for persistence unit 'default'
2025-06-02T11:54:11.032+05:30  INFO 5076 --- [jwt-authentication] [main] eAuthenticationProviderManagerConfigurer : Global AuthenticationManager configured with AuthenticationProvider bean with name authenticationProvider
2025-06-02T11:54:11.032+05:30  WARN 5076 --- [jwt-authentication] [main] r$InitializeUserDetailsManagerConfigurer : Global AuthenticationManager configured with an AuthenticationProvider bean. UserDetailsService beans will not be used by Spring Security for automatically configuring username/password login. Consider removing the AuthenticationProvider bean. Alternatively, consider using the UserDetailsService in a manually instantiated DaoAuthenticationProvider. If the current configuration is intentional, to turn off this warning, increase the logging level of 'org.springframework.security.config.annotation.authentication.configuration.InitializeUserDetailsBeanManagerConfigurer' to ERROR
2025-06-02T11:54:13.157+05:30  INFO 5076 --- [jwt-authentication] [main] o.s.b.w.embedded.tomcat.TomcatWebServer  : Tomcat started on port 8080 (http) with context path '/'
2025-06-02T11:54:13.178+05:30  INFO 5076 --- [jwt-authentication] [main] c.p.j.JwtAuthenticationApplication       : Started JwtAuthenticationApplication in 10.228 seconds (process running for 11.165)
2025-06-02T12:04:15.254+05:30  INFO 5076 --- [jwt-authentication] [SpringApplicationShutdownHook] o.s.b.w.e.tomcat.GracefulShutdown        : Commencing graceful shutdown. Waiting for active requests to complete
2025-06-02T12:04:15.308+05:30  INFO 5076 --- [jwt-authentication] [tomcat-shutdown] o.s.b.w.e.tomcat.GracefulShutdown        : Graceful shutdown complete
2025-06-02T12:04:15.331+05:30  INFO 5076 --- [jwt-authentication] [SpringApplicationShutdownHook] j.LocalContainerEntityManagerFactoryBean : Closing JPA EntityManagerFactory for persistence unit 'default'
2025-06-02T12:04:15.333+05:30  INFO 5076 --- [jwt-authentication] [SpringApplicationShutdownHook] com.zaxxer.hikari.HikariDataSource       : HikariPool-1 - Shutdown initiated...
2025-06-02T12:04:15.339+05:30  INFO 5076 --- [jwt-authentication] [SpringApplicationShutdownHook] com.zaxxer.hikari.HikariDataSource       : HikariPool-1 - Shutdown completed.
2025-06-02T12:04:21.696+05:30  INFO 9564 --- [jwt-authentication] [main] c.p.j.JwtAuthenticationApplication       : Starting JwtAuthenticationApplication using Java 24.0.1 with PID 9564 (E:\Paymedia\5_8_2025\jwt-authentication\target\classes started by prade in E:\Paymedia\5_8_2025\jwt-authentication)
2025-06-02T12:04:21.701+05:30  INFO 9564 --- [jwt-authentication] [main] c.p.j.JwtAuthenticationApplication       : No active profile set, falling back to 1 default profile: "default"
2025-06-02T12:04:23.066+05:30  INFO 9564 --- [jwt-authentication] [main] .s.d.r.c.RepositoryConfigurationDelegate : Bootstrapping Spring Data JPA repositories in DEFAULT mode.
2025-06-02T12:04:23.404+05:30  INFO 9564 --- [jwt-authentication] [main] .s.d.r.c.RepositoryConfigurationDelegate : Finished Spring Data repository scanning in 311 ms. Found 5 JPA repository interfaces.
2025-06-02T12:04:24.126+05:30  WARN 9564 --- [jwt-authentication] [main] trationDelegate$BeanPostProcessorChecker : Bean 'customMethodSecurityConfig' of type [com.paymedia.jwt_authentication.configs.CustomMethodSecurityConfig$$SpringCGLIB$$0] is not eligible for getting processed by all BeanPostProcessors (for example: not eligible for auto-proxying). Is this bean getting eagerly injected/applied to a currently created BeanPostProcessor [projectingArgumentResolverBeanPostProcessor]? Check the corresponding BeanPostProcessor declaration and its dependencies/advisors. If this bean does not have to be post-processed, declare it with ROLE_INFRASTRUCTURE.
2025-06-02T12:04:24.637+05:30  INFO 9564 --- [jwt-authentication] [main] o.s.b.w.embedded.tomcat.TomcatWebServer  : Tomcat initialized with port 8080 (http)
2025-06-02T12:04:24.659+05:30  INFO 9564 --- [jwt-authentication] [main] o.apache.catalina.core.StandardService   : Starting service [Tomcat]
2025-06-02T12:04:24.660+05:30  INFO 9564 --- [jwt-authentication] [main] o.apache.catalina.core.StandardEngine    : Starting Servlet engine: [Apache Tomcat/10.1.40]
2025-06-02T12:04:24.753+05:30  INFO 9564 --- [jwt-authentication] [main] o.a.c.c.C.[Tomcat].[localhost].[/]       : Initializing Spring embedded WebApplicationContext
2025-06-02T12:04:24.754+05:30  INFO 9564 --- [jwt-authentication] [main] w.s.c.ServletWebServerApplicationContext : Root WebApplicationContext: initialization completed in 2959 ms
2025-06-02T12:04:25.099+05:30  INFO 9564 --- [jwt-authentication] [main] o.hibernate.jpa.internal.util.LogHelper  : HHH000204: Processing PersistenceUnitInfo [name: default]
2025-06-02T12:04:25.184+05:30  INFO 9564 --- [jwt-authentication] [main] org.hibernate.Version                    : HHH000412: Hibernate ORM core version 6.6.13.Final
2025-06-02T12:04:25.246+05:30  INFO 9564 --- [jwt-authentication] [main] o.h.c.internal.RegionFactoryInitiator    : HHH000026: Second-level cache disabled
2025-06-02T12:04:25.732+05:30  INFO 9564 --- [jwt-authentication] [main] o.s.o.j.p.SpringPersistenceUnitInfo      : No LoadTimeWeaver setup: ignoring JPA class transformer
2025-06-02T12:04:25.789+05:30  INFO 9564 --- [jwt-authentication] [main] com.zaxxer.hikari.HikariDataSource       : HikariPool-1 - Starting...
2025-06-02T12:04:26.073+05:30  INFO 9564 --- [jwt-authentication] [main] com.zaxxer.hikari.pool.HikariPool        : HikariPool-1 - Added connection com.mysql.cj.jdbc.ConnectionImpl@79b63325
2025-06-02T12:04:26.076+05:30  INFO 9564 --- [jwt-authentication] [main] com.zaxxer.hikari.HikariDataSource       : HikariPool-1 - Start completed.
2025-06-02T12:04:26.199+05:30  INFO 9564 --- [jwt-authentication] [main] org.hibernate.orm.connections.pooling    : HHH10001005: Database info:
	Database JDBC URL [Connecting through datasource 'HikariDataSource (HikariPool-1)']
	Database driver: undefined/unknown
	Database version: 8.0.41
	Autocommit mode: undefined/unknown
	Isolation level: undefined/unknown
	Minimum pool size: undefined/unknown
	Maximum pool size: undefined/unknown
2025-06-02T12:04:27.393+05:30  INFO 9564 --- [jwt-authentication] [main] o.h.e.t.j.p.i.JtaPlatformInitiator       : HHH000489: No JTA platform available (set 'hibernate.transaction.jta.platform' to enable JTA platform integration)
2025-06-02T12:04:27.500+05:30  INFO 9564 --- [jwt-authentication] [main] j.LocalContainerEntityManagerFactoryBean : Initialized JPA EntityManagerFactory for persistence unit 'default'
2025-06-02T12:04:28.279+05:30  INFO 9564 --- [jwt-authentication] [main] eAuthenticationProviderManagerConfigurer : Global AuthenticationManager configured with AuthenticationProvider bean with name authenticationProvider
2025-06-02T12:04:28.280+05:30  WARN 9564 --- [jwt-authentication] [main] r$InitializeUserDetailsManagerConfigurer : Global AuthenticationManager configured with an AuthenticationProvider bean. UserDetailsService beans will not be used by Spring Security for automatically configuring username/password login. Consider removing the AuthenticationProvider bean. Alternatively, consider using the UserDetailsService in a manually instantiated DaoAuthenticationProvider. If the current configuration is intentional, to turn off this warning, increase the logging level of 'org.springframework.security.config.annotation.authentication.configuration.InitializeUserDetailsBeanManagerConfigurer' to ERROR
2025-06-02T12:04:28.910+05:30  WARN 9564 --- [jwt-authentication] [main] ConfigServletWebServerApplicationContext : Exception encountered during context initialization - cancelling refresh attempt: org.springframework.beans.factory.BeanCreationException: Error creating bean with name 'org.springframework.security.config.annotation.web.configuration.WebSecurityConfiguration': Injection of autowired dependencies failed
2025-06-02T12:04:28.911+05:30  INFO 9564 --- [jwt-authentication] [main] j.LocalContainerEntityManagerFactoryBean : Closing JPA EntityManagerFactory for persistence unit 'default'
2025-06-02T12:04:28.915+05:30  INFO 9564 --- [jwt-authentication] [main] com.zaxxer.hikari.HikariDataSource       : HikariPool-1 - Shutdown initiated...
2025-06-02T12:04:28.928+05:30  INFO 9564 --- [jwt-authentication] [main] com.zaxxer.hikari.HikariDataSource       : HikariPool-1 - Shutdown completed.
2025-06-02T12:04:28.933+05:30  INFO 9564 --- [jwt-authentication] [main] o.apache.catalina.core.StandardService   : Stopping service [Tomcat]
2025-06-02T12:04:28.948+05:30  INFO 9564 --- [jwt-authentication] [main] .s.b.a.l.ConditionEvaluationReportLogger : 

Error starting ApplicationContext. To display the condition evaluation report re-run your application with 'debug' enabled.
2025-06-02T12:04:28.988+05:30 ERROR 9564 --- [jwt-authentication] [main] o.s.boot.SpringApplication               : Application run failed

org.springframework.beans.factory.BeanCreationException: Error creating bean with name 'org.springframework.security.config.annotation.web.configuration.WebSecurityConfiguration': Injection of autowired dependencies failed
	at org.springframework.beans.factory.annotation.AutowiredAnnotationBeanPostProcessor.postProcessProperties(AutowiredAnnotationBeanPostProcessor.java:515) ~[spring-beans-6.2.6.jar:6.2.6]
	at org.springframework.beans.factory.support.AbstractAutowireCapableBeanFactory.populateBean(AbstractAutowireCapableBeanFactory.java:1451) ~[spring-beans-6.2.6.jar:6.2.6]
	at org.springframework.beans.factory.support.AbstractAutowireCapableBeanFactory.doCreateBean(AbstractAutowireCapableBeanFactory.java:606) ~[spring-beans-6.2.6.jar:6.2.6]
	at org.springframework.beans.factory.support.AbstractAutowireCapableBeanFactory.createBean(AbstractAutowireCapableBeanFactory.java:529) ~[spring-beans-6.2.6.jar:6.2.6]
	at org.springframework.beans.factory.support.AbstractBeanFactory.lambda$doGetBean$0(AbstractBeanFactory.java:339) ~[spring-beans-6.2.6.jar:6.2.6]
	at org.springframework.beans.factory.support.DefaultSingletonBeanRegistry.getSingleton(DefaultSingletonBeanRegistry.java:371) ~[spring-beans-6.2.6.jar:6.2.6]
	at org.springframework.beans.factory.support.AbstractBeanFactory.doGetBean(AbstractBeanFactory.java:337) ~[spring-beans-6.2.6.jar:6.2.6]
	at org.springframework.beans.factory.support.AbstractBeanFactory.getBean(AbstractBeanFactory.java:202) ~[spring-beans-6.2.6.jar:6.2.6]
	at org.springframework.beans.factory.support.DefaultListableBeanFactory.instantiateSingleton(DefaultListableBeanFactory.java:1221) ~[spring-beans-6.2.6.jar:6.2.6]
	at org.springframework.beans.factory.support.DefaultListableBeanFactory.preInstantiateSingleton(DefaultListableBeanFactory.java:1187) ~[spring-beans-6.2.6.jar:6.2.6]
	at org.springframework.beans.factory.support.DefaultListableBeanFactory.preInstantiateSingletons(DefaultListableBeanFactory.java:1122) ~[spring-beans-6.2.6.jar:6.2.6]
	at org.springframework.context.support.AbstractApplicationContext.finishBeanFactoryInitialization(AbstractApplicationContext.java:987) ~[spring-context-6.2.6.jar:6.2.6]
	at org.springframework.context.support.AbstractApplicationContext.refresh(AbstractApplicationContext.java:627) ~[spring-context-6.2.6.jar:6.2.6]
	at org.springframework.boot.web.servlet.context.ServletWebServerApplicationContext.refresh(ServletWebServerApplicationContext.java:146) ~[spring-boot-3.4.5.jar:3.4.5]
	at org.springframework.boot.SpringApplication.refresh(SpringApplication.java:753) ~[spring-boot-3.4.5.jar:3.4.5]
	at org.springframework.boot.SpringApplication.refreshContext(SpringApplication.java:439) ~[spring-boot-3.4.5.jar:3.4.5]
	at org.springframework.boot.SpringApplication.run(SpringApplication.java:318) ~[spring-boot-3.4.5.jar:3.4.5]
	at org.springframework.boot.SpringApplication.run(SpringApplication.java:1362) ~[spring-boot-3.4.5.jar:3.4.5]
	at org.springframework.boot.SpringApplication.run(SpringApplication.java:1351) ~[spring-boot-3.4.5.jar:3.4.5]
	at com.paymedia.jwt_authentication.JwtAuthenticationApplication.main(JwtAuthenticationApplication.java:10) ~[classes/:na]
Caused by: java.lang.RuntimeException: Could not postProcess org.springframework.security.config.annotation.web.builders.WebSecurity@57f1fbae of type class org.springframework.security.config.annotation.web.builders.WebSecurity
	at org.springframework.security.config.annotation.configuration.AutowireBeanFactoryObjectPostProcessor.postProcess(AutowireBeanFactoryObjectPostProcessor.java:71) ~[spring-security-config-6.4.5.jar:6.4.5]
	at org.springframework.security.config.annotation.web.configuration.WebSecurityConfiguration.setFilterChainProxySecurityConfigurer(WebSecurityConfiguration.java:145) ~[spring-security-config-6.4.5.jar:6.4.5]
	at java.base/jdk.internal.reflect.DirectMethodHandleAccessor.invoke(DirectMethodHandleAccessor.java:104) ~[na:na]
	at java.base/java.lang.reflect.Method.invoke(Method.java:565) ~[na:na]
	at org.springframework.beans.factory.annotation.AutowiredAnnotationBeanPostProcessor$AutowiredMethodElement.inject(AutowiredAnnotationBeanPostProcessor.java:854) ~[spring-beans-6.2.6.jar:6.2.6]
	at org.springframework.beans.factory.annotation.InjectionMetadata.inject(InjectionMetadata.java:146) ~[spring-beans-6.2.6.jar:6.2.6]
	at org.springframework.beans.factory.annotation.AutowiredAnnotationBeanPostProcessor.postProcessProperties(AutowiredAnnotationBeanPostProcessor.java:509) ~[spring-beans-6.2.6.jar:6.2.6]
	... 19 common frames omitted
Caused by: org.springframework.beans.factory.BeanCreationException: Error creating bean with name 'mvcHandlerMappingIntrospectorRequestTransformer': Cannot resolve reference to bean 'mvcHandlerMappingIntrospector' while setting constructor argument
	at org.springframework.beans.factory.support.BeanDefinitionValueResolver.resolveReference(BeanDefinitionValueResolver.java:377) ~[spring-beans-6.2.6.jar:6.2.6]
	at org.springframework.beans.factory.support.BeanDefinitionValueResolver.resolveValueIfNecessary(BeanDefinitionValueResolver.java:135) ~[spring-beans-6.2.6.jar:6.2.6]
	at org.springframework.beans.factory.support.ConstructorResolver.resolveConstructorArguments(ConstructorResolver.java:691) ~[spring-beans-6.2.6.jar:6.2.6]
	at org.springframework.beans.factory.support.ConstructorResolver.autowireConstructor(ConstructorResolver.java:206) ~[spring-beans-6.2.6.jar:6.2.6]
	at org.springframework.beans.factory.support.AbstractAutowireCapableBeanFactory.autowireConstructor(AbstractAutowireCapableBeanFactory.java:1387) ~[spring-beans-6.2.6.jar:6.2.6]
	at org.springframework.beans.factory.support.AbstractAutowireCapableBeanFactory.createBeanInstance(AbstractAutowireCapableBeanFactory.java:1224) ~[spring-beans-6.2.6.jar:6.2.6]
	at org.springframework.beans.factory.support.AbstractAutowireCapableBeanFactory.doCreateBean(AbstractAutowireCapableBeanFactory.java:569) ~[spring-beans-6.2.6.jar:6.2.6]
	at org.springframework.beans.factory.support.AbstractAutowireCapableBeanFactory.createBean(AbstractAutowireCapableBeanFactory.java:529) ~[spring-beans-6.2.6.jar:6.2.6]
	at org.springframework.beans.factory.support.AbstractBeanFactory.lambda$doGetBean$0(AbstractBeanFactory.java:339) ~[spring-beans-6.2.6.jar:6.2.6]
	at org.springframework.beans.factory.support.DefaultSingletonBeanRegistry.getSingleton(DefaultSingletonBeanRegistry.java:371) ~[spring-beans-6.2.6.jar:6.2.6]
	at org.springframework.beans.factory.support.AbstractBeanFactory.doGetBean(AbstractBeanFactory.java:337) ~[spring-beans-6.2.6.jar:6.2.6]
	at org.springframework.beans.factory.support.AbstractBeanFactory.getBean(AbstractBeanFactory.java:227) ~[spring-beans-6.2.6.jar:6.2.6]
	at org.springframework.beans.factory.support.DefaultListableBeanFactory.resolveNamedBean(DefaultListableBeanFactory.java:1597) ~[spring-beans-6.2.6.jar:6.2.6]
	at org.springframework.beans.factory.support.DefaultListableBeanFactory.resolveNamedBean(DefaultListableBeanFactory.java:1555) ~[spring-beans-6.2.6.jar:6.2.6]
	at org.springframework.beans.factory.support.DefaultListableBeanFactory.resolveBean(DefaultListableBeanFactory.java:563) ~[spring-beans-6.2.6.jar:6.2.6]
	at org.springframework.beans.factory.support.DefaultListableBeanFactory$1.getIfUnique(DefaultListableBeanFactory.java:489) ~[spring-beans-6.2.6.jar:6.2.6]
	at org.springframework.security.config.annotation.web.builders.WebSecurity.setApplicationContext(WebSecurity.java:428) ~[spring-security-config-6.4.5.jar:6.4.5]
	at org.springframework.context.support.ApplicationContextAwareProcessor.invokeAwareInterfaces(ApplicationContextAwareProcessor.java:110) ~[spring-context-6.2.6.jar:6.2.6]
	at org.springframework.context.support.ApplicationContextAwareProcessor.postProcessBeforeInitialization(ApplicationContextAwareProcessor.java:85) ~[spring-context-6.2.6.jar:6.2.6]
	at org.springframework.beans.factory.support.AbstractAutowireCapableBeanFactory.applyBeanPostProcessorsBeforeInitialization(AbstractAutowireCapableBeanFactory.java:429) ~[spring-beans-6.2.6.jar:6.2.6]
	at org.springframework.beans.factory.support.AbstractAutowireCapableBeanFactory.initializeBean(AbstractAutowireCapableBeanFactory.java:1810) ~[spring-beans-6.2.6.jar:6.2.6]
	at org.springframework.beans.factory.support.AbstractAutowireCapableBeanFactory.initializeBean(AbstractAutowireCapableBeanFactory.java:419) ~[spring-beans-6.2.6.jar:6.2.6]
	at org.springframework.security.config.annotation.configuration.AutowireBeanFactoryObjectPostProcessor.initializeBeanIfNeeded(AutowireBeanFactoryObjectPostProcessor.java:98) ~[spring-security-config-6.4.5.jar:6.4.5]
	at org.springframework.security.config.annotation.configuration.AutowireBeanFactoryObjectPostProcessor.postProcess(AutowireBeanFactoryObjectPostProcessor.java:67) ~[spring-security-config-6.4.5.jar:6.4.5]
	... 25 common frames omitted
Caused by: org.springframework.beans.factory.BeanCreationException: Error creating bean with name 'mvcHandlerMappingIntrospector' defined in class path resource [org/springframework/boot/autoconfigure/web/servlet/WebMvcAutoConfiguration$EnableWebMvcConfiguration.class]: Error creating bean with name 'requestMappingHandlerMapping' defined in class path resource [org/springframework/boot/autoconfigure/web/servlet/WebMvcAutoConfiguration$EnableWebMvcConfiguration.class]: Ambiguous mapping. Cannot map 'authenticationController' method 
com.paymedia.jwt_authentication.controller.AuthenticationController#TesterRegister(RegisterUserDto)
to {POST [/auth/signup/officer]}: There is already 'authenticationController' bean method
com.paymedia.jwt_authentication.controller.AuthenticationController#officerRegister(RegisterUserDto) mapped.
	at org.springframework.beans.factory.support.AbstractAutowireCapableBeanFactory.initializeBean(AbstractAutowireCapableBeanFactory.java:1818) ~[spring-beans-6.2.6.jar:6.2.6]
	at org.springframework.beans.factory.support.AbstractAutowireCapableBeanFactory.doCreateBean(AbstractAutowireCapableBeanFactory.java:607) ~[spring-beans-6.2.6.jar:6.2.6]
	at org.springframework.beans.factory.support.AbstractAutowireCapableBeanFactory.createBean(AbstractAutowireCapableBeanFactory.java:529) ~[spring-beans-6.2.6.jar:6.2.6]
	at org.springframework.beans.factory.support.AbstractBeanFactory.lambda$doGetBean$0(AbstractBeanFactory.java:339) ~[spring-beans-6.2.6.jar:6.2.6]
	at org.springframework.beans.factory.support.DefaultSingletonBeanRegistry.getSingleton(DefaultSingletonBeanRegistry.java:371) ~[spring-beans-6.2.6.jar:6.2.6]
	at org.springframework.beans.factory.support.AbstractBeanFactory.doGetBean(AbstractBeanFactory.java:337) ~[spring-beans-6.2.6.jar:6.2.6]
	at org.springframework.beans.factory.support.AbstractBeanFactory.getBean(AbstractBeanFactory.java:202) ~[spring-beans-6.2.6.jar:6.2.6]
	at org.springframework.beans.factory.support.BeanDefinitionValueResolver.resolveReference(BeanDefinitionValueResolver.java:365) ~[spring-beans-6.2.6.jar:6.2.6]
	... 48 common frames omitted
Caused by: org.springframework.beans.factory.BeanCreationException: Error creating bean with name 'requestMappingHandlerMapping' defined in class path resource [org/springframework/boot/autoconfigure/web/servlet/WebMvcAutoConfiguration$EnableWebMvcConfiguration.class]: Ambiguous mapping. Cannot map 'authenticationController' method 
com.paymedia.jwt_authentication.controller.AuthenticationController#TesterRegister(RegisterUserDto)
to {POST [/auth/signup/officer]}: There is already 'authenticationController' bean method
com.paymedia.jwt_authentication.controller.AuthenticationController#officerRegister(RegisterUserDto) mapped.
	at org.springframework.beans.factory.support.AbstractAutowireCapableBeanFactory.initializeBean(AbstractAutowireCapableBeanFactory.java:1818) ~[spring-beans-6.2.6.jar:6.2.6]
	at org.springframework.beans.factory.support.AbstractAutowireCapableBeanFactory.doCreateBean(AbstractAutowireCapableBeanFactory.java:607) ~[spring-beans-6.2.6.jar:6.2.6]
	at org.springframework.beans.factory.support.AbstractAutowireCapableBeanFactory.createBean(AbstractAutowireCapableBeanFactory.java:529) ~[spring-beans-6.2.6.jar:6.2.6]
	at org.springframework.beans.factory.support.AbstractBeanFactory.lambda$doGetBean$0(AbstractBeanFactory.java:339) ~[spring-beans-6.2.6.jar:6.2.6]
	at org.springframework.beans.factory.support.DefaultSingletonBeanRegistry.getSingleton(DefaultSingletonBeanRegistry.java:371) ~[spring-beans-6.2.6.jar:6.2.6]
	at org.springframework.beans.factory.support.AbstractBeanFactory.doGetBean(AbstractBeanFactory.java:337) ~[spring-beans-6.2.6.jar:6.2.6]
	at org.springframework.beans.factory.support.AbstractBeanFactory.getBean(AbstractBeanFactory.java:202) ~[spring-beans-6.2.6.jar:6.2.6]
	at org.springframework.beans.factory.support.DefaultListableBeanFactory.getBeansOfType(DefaultListableBeanFactory.java:747) ~[spring-beans-6.2.6.jar:6.2.6]
	at org.springframework.context.support.AbstractApplicationContext.getBeansOfType(AbstractApplicationContext.java:1426) ~[spring-context-6.2.6.jar:6.2.6]
	at org.springframework.beans.factory.BeanFactoryUtils.beansOfTypeIncludingAncestors(BeanFactoryUtils.java:372) ~[spring-beans-6.2.6.jar:6.2.6]
	at org.springframework.web.servlet.handler.HandlerMappingIntrospector.initHandlerMappings(HandlerMappingIntrospector.java:135) ~[spring-webmvc-6.2.6.jar:6.2.6]
	at org.springframework.web.servlet.handler.HandlerMappingIntrospector.afterPropertiesSet(HandlerMappingIntrospector.java:123) ~[spring-webmvc-6.2.6.jar:6.2.6]
	at org.springframework.beans.factory.support.AbstractAutowireCapableBeanFactory.invokeInitMethods(AbstractAutowireCapableBeanFactory.java:1865) ~[spring-beans-6.2.6.jar:6.2.6]
	at org.springframework.beans.factory.support.AbstractAutowireCapableBeanFactory.initializeBean(AbstractAutowireCapableBeanFactory.java:1814) ~[spring-beans-6.2.6.jar:6.2.6]
	... 55 common frames omitted
Caused by: java.lang.IllegalStateException: Ambiguous mapping. Cannot map 'authenticationController' method 
com.paymedia.jwt_authentication.controller.AuthenticationController#TesterRegister(RegisterUserDto)
to {POST [/auth/signup/officer]}: There is already 'authenticationController' bean method
com.paymedia.jwt_authentication.controller.AuthenticationController#officerRegister(RegisterUserDto) mapped.
	at org.springframework.web.servlet.handler.AbstractHandlerMethodMapping$MappingRegistry.validateMethodMapping(AbstractHandlerMethodMapping.java:676) ~[spring-webmvc-6.2.6.jar:6.2.6]
	at org.springframework.web.servlet.handler.AbstractHandlerMethodMapping$MappingRegistry.register(AbstractHandlerMethodMapping.java:637) ~[spring-webmvc-6.2.6.jar:6.2.6]
	at org.springframework.web.servlet.handler.AbstractHandlerMethodMapping.registerHandlerMethod(AbstractHandlerMethodMapping.java:331) ~[spring-webmvc-6.2.6.jar:6.2.6]
	at org.springframework.web.servlet.mvc.method.annotation.RequestMappingHandlerMapping.registerHandlerMethod(RequestMappingHandlerMapping.java:507) ~[spring-webmvc-6.2.6.jar:6.2.6]
	at org.springframework.web.servlet.mvc.method.annotation.RequestMappingHandlerMapping.registerHandlerMethod(RequestMappingHandlerMapping.java:84) ~[spring-webmvc-6.2.6.jar:6.2.6]
	at org.springframework.web.servlet.handler.AbstractHandlerMethodMapping.lambda$detectHandlerMethods$2(AbstractHandlerMethodMapping.java:298) ~[spring-webmvc-6.2.6.jar:6.2.6]
	at java.base/java.util.LinkedHashMap.forEach(LinkedHashMap.java:987) ~[na:na]
	at org.springframework.web.servlet.handler.AbstractHandlerMethodMapping.detectHandlerMethods(AbstractHandlerMethodMapping.java:296) ~[spring-webmvc-6.2.6.jar:6.2.6]
	at org.springframework.web.servlet.handler.AbstractHandlerMethodMapping.processCandidateBean(AbstractHandlerMethodMapping.java:265) ~[spring-webmvc-6.2.6.jar:6.2.6]
	at org.springframework.web.servlet.handler.AbstractHandlerMethodMapping.initHandlerMethods(AbstractHandlerMethodMapping.java:224) ~[spring-webmvc-6.2.6.jar:6.2.6]
	at org.springframework.web.servlet.handler.AbstractHandlerMethodMapping.afterPropertiesSet(AbstractHandlerMethodMapping.java:212) ~[spring-webmvc-6.2.6.jar:6.2.6]
	at org.springframework.web.servlet.mvc.method.annotation.RequestMappingHandlerMapping.afterPropertiesSet(RequestMappingHandlerMapping.java:237) ~[spring-webmvc-6.2.6.jar:6.2.6]
	at org.springframework.beans.factory.support.AbstractAutowireCapableBeanFactory.invokeInitMethods(AbstractAutowireCapableBeanFactory.java:1865) ~[spring-beans-6.2.6.jar:6.2.6]
	at org.springframework.beans.factory.support.AbstractAutowireCapableBeanFactory.initializeBean(AbstractAutowireCapableBeanFactory.java:1814) ~[spring-beans-6.2.6.jar:6.2.6]
	... 68 common frames omitted

2025-06-02T12:07:08.921+05:30  INFO 6288 --- [jwt-authentication] [main] c.p.j.JwtAuthenticationApplication       : Starting JwtAuthenticationApplication using Java 24.0.1 with PID 6288 (E:\Paymedia\5_8_2025\jwt-authentication\target\classes started by prade in E:\Paymedia\5_8_2025\jwt-authentication)
2025-06-02T12:07:08.925+05:30  INFO 6288 --- [jwt-authentication] [main] c.p.j.JwtAuthenticationApplication       : No active profile set, falling back to 1 default profile: "default"
2025-06-02T12:07:09.964+05:30  INFO 6288 --- [jwt-authentication] [main] .s.d.r.c.RepositoryConfigurationDelegate : Bootstrapping Spring Data JPA repositories in DEFAULT mode.
2025-06-02T12:07:10.178+05:30  INFO 6288 --- [jwt-authentication] [main] .s.d.r.c.RepositoryConfigurationDelegate : Finished Spring Data repository scanning in 201 ms. Found 5 JPA repository interfaces.
2025-06-02T12:07:10.725+05:30  WARN 6288 --- [jwt-authentication] [main] trationDelegate$BeanPostProcessorChecker : Bean 'customMethodSecurityConfig' of type [com.paymedia.jwt_authentication.configs.CustomMethodSecurityConfig$$SpringCGLIB$$0] is not eligible for getting processed by all BeanPostProcessors (for example: not eligible for auto-proxying). Is this bean getting eagerly injected/applied to a currently created BeanPostProcessor [projectingArgumentResolverBeanPostProcessor]? Check the corresponding BeanPostProcessor declaration and its dependencies/advisors. If this bean does not have to be post-processed, declare it with ROLE_INFRASTRUCTURE.
2025-06-02T12:07:11.189+05:30  INFO 6288 --- [jwt-authentication] [main] o.s.b.w.embedded.tomcat.TomcatWebServer  : Tomcat initialized with port 8080 (http)
2025-06-02T12:07:11.217+05:30  INFO 6288 --- [jwt-authentication] [main] o.apache.catalina.core.StandardService   : Starting service [Tomcat]
2025-06-02T12:07:11.218+05:30  INFO 6288 --- [jwt-authentication] [main] o.apache.catalina.core.StandardEngine    : Starting Servlet engine: [Apache Tomcat/10.1.40]
2025-06-02T12:07:11.308+05:30  INFO 6288 --- [jwt-authentication] [main] o.a.c.c.C.[Tomcat].[localhost].[/]       : Initializing Spring embedded WebApplicationContext
2025-06-02T12:07:11.308+05:30  INFO 6288 --- [jwt-authentication] [main] w.s.c.ServletWebServerApplicationContext : Root WebApplicationContext: initialization completed in 2315 ms
2025-06-02T12:07:11.616+05:30  INFO 6288 --- [jwt-authentication] [main] o.hibernate.jpa.internal.util.LogHelper  : HHH000204: Processing PersistenceUnitInfo [name: default]
2025-06-02T12:07:11.705+05:30  INFO 6288 --- [jwt-authentication] [main] org.hibernate.Version                    : HHH000412: Hibernate ORM core version 6.6.13.Final
2025-06-02T12:07:11.773+05:30  INFO 6288 --- [jwt-authentication] [main] o.h.c.internal.RegionFactoryInitiator    : HHH000026: Second-level cache disabled
2025-06-02T12:07:12.304+05:30  INFO 6288 --- [jwt-authentication] [main] o.s.o.j.p.SpringPersistenceUnitInfo      : No LoadTimeWeaver setup: ignoring JPA class transformer
2025-06-02T12:07:12.359+05:30  INFO 6288 --- [jwt-authentication] [main] com.zaxxer.hikari.HikariDataSource       : HikariPool-1 - Starting...
2025-06-02T12:07:12.627+05:30  INFO 6288 --- [jwt-authentication] [main] com.zaxxer.hikari.pool.HikariPool        : HikariPool-1 - Added connection com.mysql.cj.jdbc.ConnectionImpl@323e026d
2025-06-02T12:07:12.632+05:30  INFO 6288 --- [jwt-authentication] [main] com.zaxxer.hikari.HikariDataSource       : HikariPool-1 - Start completed.
2025-06-02T12:07:12.781+05:30  INFO 6288 --- [jwt-authentication] [main] org.hibernate.orm.connections.pooling    : HHH10001005: Database info:
	Database JDBC URL [Connecting through datasource 'HikariDataSource (HikariPool-1)']
	Database driver: undefined/unknown
	Database version: 8.0.41
	Autocommit mode: undefined/unknown
	Isolation level: undefined/unknown
	Minimum pool size: undefined/unknown
	Maximum pool size: undefined/unknown
2025-06-02T12:07:13.966+05:30  INFO 6288 --- [jwt-authentication] [main] o.h.e.t.j.p.i.JtaPlatformInitiator       : HHH000489: No JTA platform available (set 'hibernate.transaction.jta.platform' to enable JTA platform integration)
2025-06-02T12:07:14.044+05:30  INFO 6288 --- [jwt-authentication] [main] j.LocalContainerEntityManagerFactoryBean : Initialized JPA EntityManagerFactory for persistence unit 'default'
2025-06-02T12:07:14.869+05:30  INFO 6288 --- [jwt-authentication] [main] eAuthenticationProviderManagerConfigurer : Global AuthenticationManager configured with AuthenticationProvider bean with name authenticationProvider
2025-06-02T12:07:14.869+05:30  WARN 6288 --- [jwt-authentication] [main] r$InitializeUserDetailsManagerConfigurer : Global AuthenticationManager configured with an AuthenticationProvider bean. UserDetailsService beans will not be used by Spring Security for automatically configuring username/password login. Consider removing the AuthenticationProvider bean. Alternatively, consider using the UserDetailsService in a manually instantiated DaoAuthenticationProvider. If the current configuration is intentional, to turn off this warning, increase the logging level of 'org.springframework.security.config.annotation.authentication.configuration.InitializeUserDetailsBeanManagerConfigurer' to ERROR
2025-06-02T12:07:15.970+05:30  INFO 6288 --- [jwt-authentication] [main] o.s.b.w.embedded.tomcat.TomcatWebServer  : Tomcat started on port 8080 (http) with context path '/'
2025-06-02T12:07:15.983+05:30  INFO 6288 --- [jwt-authentication] [main] c.p.j.JwtAuthenticationApplication       : Started JwtAuthenticationApplication in 7.872 seconds (process running for 8.505)
2025-06-02T12:09:26.964+05:30  INFO 6288 --- [jwt-authentication] [http-nio-8080-exec-2] o.a.c.c.C.[Tomcat].[localhost].[/]       : Initializing Spring DispatcherServlet 'dispatcherServlet'
2025-06-02T12:09:26.965+05:30  INFO 6288 --- [jwt-authentication] [http-nio-8080-exec-2] o.s.web.servlet.DispatcherServlet        : Initializing Servlet 'dispatcherServlet'
2025-06-02T12:09:26.967+05:30  INFO 6288 --- [jwt-authentication] [http-nio-8080-exec-2] o.s.web.servlet.DispatcherServlet        : Completed initialization in 2 ms
2025-06-02T12:09:27.000+05:30  INFO 6288 --- [jwt-authentication] [http-nio-8080-exec-2] c.p.j.f.RequestResponseLoggingFilter     : [Request] POST /auth/signup/testuser
2025-06-02T12:09:27.000+05:30  INFO 6288 --- [jwt-authentication] [http-nio-8080-exec-2] c.p.j.f.RequestResponseLoggingFilter     : Headers:
2025-06-02T12:09:27.001+05:30  INFO 6288 --- [jwt-authentication] [http-nio-8080-exec-2] c.p.j.f.RequestResponseLoggingFilter     : Client IP: 0:0:0:0:0:0:0:1
2025-06-02T12:09:27.002+05:30  INFO 6288 --- [jwt-authentication] [http-nio-8080-exec-2] c.p.j.f.RequestResponseLoggingFilter     :    • content-type: application/json
2025-06-02T12:09:27.002+05:30  INFO 6288 --- [jwt-authentication] [http-nio-8080-exec-2] c.p.j.f.RequestResponseLoggingFilter     :    • user-agent: PostmanRuntime/7.44.0
2025-06-02T12:09:27.003+05:30  INFO 6288 --- [jwt-authentication] [http-nio-8080-exec-2] c.p.j.f.RequestResponseLoggingFilter     :    • accept: */*
2025-06-02T12:09:27.003+05:30  INFO 6288 --- [jwt-authentication] [http-nio-8080-exec-2] c.p.j.f.RequestResponseLoggingFilter     :    • cache-control: no-cache
2025-06-02T12:09:27.003+05:30  INFO 6288 --- [jwt-authentication] [http-nio-8080-exec-2] c.p.j.f.RequestResponseLoggingFilter     :    • postman-token: 21a91cb8-ec0d-4ac2-9ec0-47de0cacf40d
2025-06-02T12:09:27.003+05:30  INFO 6288 --- [jwt-authentication] [http-nio-8080-exec-2] c.p.j.f.RequestResponseLoggingFilter     :    • host: localhost:8080
2025-06-02T12:09:27.003+05:30  INFO 6288 --- [jwt-authentication] [http-nio-8080-exec-2] c.p.j.f.RequestResponseLoggingFilter     :    • accept-encoding: gzip, deflate, br
2025-06-02T12:09:27.004+05:30  INFO 6288 --- [jwt-authentication] [http-nio-8080-exec-2] c.p.j.f.RequestResponseLoggingFilter     :    • connection: keep-alive
2025-06-02T12:09:27.004+05:30  INFO 6288 --- [jwt-authentication] [http-nio-8080-exec-2] c.p.j.f.RequestResponseLoggingFilter     :    • content-length: 93
2025-06-02T12:09:27.363+05:30  INFO 6288 --- [jwt-authentication] [http-nio-8080-exec-2] c.p.j.c.AuthenticationController         : Registering Tester: com.paymedia.jwt_authentication.entity.user.User@6f3df0f8
2025-06-02T12:09:27.572+05:30  INFO 6288 --- [jwt-authentication] [http-nio-8080-exec-2] c.p.j.f.RequestResponseLoggingFilter     : ⬅️ [Response] POST /auth/signup/testuser | Status: 200 | Time: 570 ms
2025-06-02T12:11:32.087+05:30  INFO 6288 --- [jwt-authentication] [http-nio-8080-exec-6] c.p.j.f.RequestResponseLoggingFilter     : [Request] GET /api/vehicles
2025-06-02T12:11:32.087+05:30  INFO 6288 --- [jwt-authentication] [http-nio-8080-exec-6] c.p.j.f.RequestResponseLoggingFilter     : Headers:
2025-06-02T12:11:32.087+05:30  INFO 6288 --- [jwt-authentication] [http-nio-8080-exec-6] c.p.j.f.RequestResponseLoggingFilter     : Client IP: 0:0:0:0:0:0:0:1
2025-06-02T12:11:32.087+05:30  INFO 6288 --- [jwt-authentication] [http-nio-8080-exec-6] c.p.j.f.RequestResponseLoggingFilter     :    • authorization: [PROTECTED]
2025-06-02T12:11:32.087+05:30  INFO 6288 --- [jwt-authentication] [http-nio-8080-exec-6] c.p.j.f.RequestResponseLoggingFilter     :    • user-agent: PostmanRuntime/7.44.0
2025-06-02T12:11:32.087+05:30  INFO 6288 --- [jwt-authentication] [http-nio-8080-exec-6] c.p.j.f.RequestResponseLoggingFilter     :    • accept: */*
2025-06-02T12:11:32.088+05:30  INFO 6288 --- [jwt-authentication] [http-nio-8080-exec-6] c.p.j.f.RequestResponseLoggingFilter     :    • cache-control: no-cache
2025-06-02T12:11:32.088+05:30  INFO 6288 --- [jwt-authentication] [http-nio-8080-exec-6] c.p.j.f.RequestResponseLoggingFilter     :    • postman-token: 37a712d9-f467-4e70-b634-866f70798b33
2025-06-02T12:11:32.088+05:30  INFO 6288 --- [jwt-authentication] [http-nio-8080-exec-6] c.p.j.f.RequestResponseLoggingFilter     :    • host: localhost:8080
2025-06-02T12:11:32.088+05:30  INFO 6288 --- [jwt-authentication] [http-nio-8080-exec-6] c.p.j.f.RequestResponseLoggingFilter     :    • accept-encoding: gzip, deflate, br
2025-06-02T12:11:32.089+05:30  INFO 6288 --- [jwt-authentication] [http-nio-8080-exec-6] c.p.j.f.RequestResponseLoggingFilter     :    • connection: keep-alive
2025-06-02T12:11:32.127+05:30  INFO 6288 --- [jwt-authentication] [http-nio-8080-exec-6] c.p.j.f.RequestResponseLoggingFilter     : ⬅️ [Response] GET /api/vehicles | Status: 403 | Time: 40 ms
2025-06-02T12:12:19.535+05:30  INFO 6288 --- [jwt-authentication] [SpringApplicationShutdownHook] o.s.b.w.e.tomcat.GracefulShutdown        : Commencing graceful shutdown. Waiting for active requests to complete
2025-06-02T12:12:19.591+05:30  INFO 6288 --- [jwt-authentication] [tomcat-shutdown] o.s.b.w.e.tomcat.GracefulShutdown        : Graceful shutdown complete
2025-06-02T12:12:19.611+05:30  INFO 6288 --- [jwt-authentication] [SpringApplicationShutdownHook] j.LocalContainerEntityManagerFactoryBean : Closing JPA EntityManagerFactory for persistence unit 'default'
2025-06-02T12:12:19.614+05:30  INFO 6288 --- [jwt-authentication] [SpringApplicationShutdownHook] com.zaxxer.hikari.HikariDataSource       : HikariPool-1 - Shutdown initiated...
2025-06-02T12:12:19.623+05:30  INFO 6288 --- [jwt-authentication] [SpringApplicationShutdownHook] com.zaxxer.hikari.HikariDataSource       : HikariPool-1 - Shutdown completed.
2025-06-02T12:12:24.078+05:30  INFO 3236 --- [jwt-authentication] [main] c.p.j.JwtAuthenticationApplication       : Starting JwtAuthenticationApplication using Java 24.0.1 with PID 3236 (E:\Paymedia\5_8_2025\jwt-authentication\target\classes started by prade in E:\Paymedia\5_8_2025\jwt-authentication)
2025-06-02T12:12:24.081+05:30  INFO 3236 --- [jwt-authentication] [main] c.p.j.JwtAuthenticationApplication       : No active profile set, falling back to 1 default profile: "default"
2025-06-02T12:12:25.416+05:30  INFO 3236 --- [jwt-authentication] [main] .s.d.r.c.RepositoryConfigurationDelegate : Bootstrapping Spring Data JPA repositories in DEFAULT mode.
2025-06-02T12:12:25.775+05:30  INFO 3236 --- [jwt-authentication] [main] .s.d.r.c.RepositoryConfigurationDelegate : Finished Spring Data repository scanning in 335 ms. Found 5 JPA repository interfaces.
2025-06-02T12:12:26.568+05:30  WARN 3236 --- [jwt-authentication] [main] trationDelegate$BeanPostProcessorChecker : Bean 'customMethodSecurityConfig' of type [com.paymedia.jwt_authentication.configs.CustomMethodSecurityConfig$$SpringCGLIB$$0] is not eligible for getting processed by all BeanPostProcessors (for example: not eligible for auto-proxying). Is this bean getting eagerly injected/applied to a currently created BeanPostProcessor [projectingArgumentResolverBeanPostProcessor]? Check the corresponding BeanPostProcessor declaration and its dependencies/advisors. If this bean does not have to be post-processed, declare it with ROLE_INFRASTRUCTURE.
2025-06-02T12:12:27.234+05:30  INFO 3236 --- [jwt-authentication] [main] o.s.b.w.embedded.tomcat.TomcatWebServer  : Tomcat initialized with port 8080 (http)
2025-06-02T12:12:27.267+05:30  INFO 3236 --- [jwt-authentication] [main] o.apache.catalina.core.StandardService   : Starting service [Tomcat]
2025-06-02T12:12:27.268+05:30  INFO 3236 --- [jwt-authentication] [main] o.apache.catalina.core.StandardEngine    : Starting Servlet engine: [Apache Tomcat/10.1.40]
2025-06-02T12:12:27.410+05:30  INFO 3236 --- [jwt-authentication] [main] o.a.c.c.C.[Tomcat].[localhost].[/]       : Initializing Spring embedded WebApplicationContext
2025-06-02T12:12:27.411+05:30  INFO 3236 --- [jwt-authentication] [main] w.s.c.ServletWebServerApplicationContext : Root WebApplicationContext: initialization completed in 3254 ms
2025-06-02T12:12:27.801+05:30  INFO 3236 --- [jwt-authentication] [main] o.hibernate.jpa.internal.util.LogHelper  : HHH000204: Processing PersistenceUnitInfo [name: default]
2025-06-02T12:12:27.929+05:30  INFO 3236 --- [jwt-authentication] [main] org.hibernate.Version                    : HHH000412: Hibernate ORM core version 6.6.13.Final
2025-06-02T12:12:28.027+05:30  INFO 3236 --- [jwt-authentication] [main] o.h.c.internal.RegionFactoryInitiator    : HHH000026: Second-level cache disabled
2025-06-02T12:12:28.754+05:30  INFO 3236 --- [jwt-authentication] [main] o.s.o.j.p.SpringPersistenceUnitInfo      : No LoadTimeWeaver setup: ignoring JPA class transformer
2025-06-02T12:12:28.829+05:30  INFO 3236 --- [jwt-authentication] [main] com.zaxxer.hikari.HikariDataSource       : HikariPool-1 - Starting...
2025-06-02T12:12:29.237+05:30  INFO 3236 --- [jwt-authentication] [main] com.zaxxer.hikari.pool.HikariPool        : HikariPool-1 - Added connection com.mysql.cj.jdbc.ConnectionImpl@428eb3d5
2025-06-02T12:12:29.242+05:30  INFO 3236 --- [jwt-authentication] [main] com.zaxxer.hikari.HikariDataSource       : HikariPool-1 - Start completed.
2025-06-02T12:12:29.426+05:30  INFO 3236 --- [jwt-authentication] [main] org.hibernate.orm.connections.pooling    : HHH10001005: Database info:
	Database JDBC URL [Connecting through datasource 'HikariDataSource (HikariPool-1)']
	Database driver: undefined/unknown
	Database version: 8.0.41
	Autocommit mode: undefined/unknown
	Isolation level: undefined/unknown
	Minimum pool size: undefined/unknown
	Maximum pool size: undefined/unknown
2025-06-02T12:12:31.180+05:30  INFO 3236 --- [jwt-authentication] [main] o.h.e.t.j.p.i.JtaPlatformInitiator       : HHH000489: No JTA platform available (set 'hibernate.transaction.jta.platform' to enable JTA platform integration)
2025-06-02T12:12:31.290+05:30  INFO 3236 --- [jwt-authentication] [main] j.LocalContainerEntityManagerFactoryBean : Initialized JPA EntityManagerFactory for persistence unit 'default'
2025-06-02T12:12:32.338+05:30  INFO 3236 --- [jwt-authentication] [main] eAuthenticationProviderManagerConfigurer : Global AuthenticationManager configured with AuthenticationProvider bean with name authenticationProvider
2025-06-02T12:12:32.339+05:30  WARN 3236 --- [jwt-authentication] [main] r$InitializeUserDetailsManagerConfigurer : Global AuthenticationManager configured with an AuthenticationProvider bean. UserDetailsService beans will not be used by Spring Security for automatically configuring username/password login. Consider removing the AuthenticationProvider bean. Alternatively, consider using the UserDetailsService in a manually instantiated DaoAuthenticationProvider. If the current configuration is intentional, to turn off this warning, increase the logging level of 'org.springframework.security.config.annotation.authentication.configuration.InitializeUserDetailsBeanManagerConfigurer' to ERROR
2025-06-02T12:12:33.781+05:30  INFO 3236 --- [jwt-authentication] [main] o.s.b.w.embedded.tomcat.TomcatWebServer  : Tomcat started on port 8080 (http) with context path '/'
2025-06-02T12:12:33.799+05:30  INFO 3236 --- [jwt-authentication] [main] c.p.j.JwtAuthenticationApplication       : Started JwtAuthenticationApplication in 10.586 seconds (process running for 11.95)
2025-06-02T12:12:50.688+05:30  INFO 3236 --- [jwt-authentication] [http-nio-8080-exec-1] o.a.c.c.C.[Tomcat].[localhost].[/]       : Initializing Spring DispatcherServlet 'dispatcherServlet'
2025-06-02T12:12:50.689+05:30  INFO 3236 --- [jwt-authentication] [http-nio-8080-exec-1] o.s.web.servlet.DispatcherServlet        : Initializing Servlet 'dispatcherServlet'
2025-06-02T12:12:50.690+05:30  INFO 3236 --- [jwt-authentication] [http-nio-8080-exec-1] o.s.web.servlet.DispatcherServlet        : Completed initialization in 1 ms
2025-06-02T12:12:51.403+05:30  INFO 3236 --- [jwt-authentication] [http-nio-8080-exec-1] c.p.j.f.RequestResponseLoggingFilter     : [Request] GET /api/vehicles
2025-06-02T12:12:51.403+05:30  INFO 3236 --- [jwt-authentication] [http-nio-8080-exec-1] c.p.j.f.RequestResponseLoggingFilter     : Headers:
2025-06-02T12:12:51.403+05:30  INFO 3236 --- [jwt-authentication] [http-nio-8080-exec-1] c.p.j.f.RequestResponseLoggingFilter     : Client IP: 0:0:0:0:0:0:0:1
2025-06-02T12:12:51.406+05:30  INFO 3236 --- [jwt-authentication] [http-nio-8080-exec-1] c.p.j.f.RequestResponseLoggingFilter     :    • authorization: [PROTECTED]
2025-06-02T12:12:51.407+05:30  INFO 3236 --- [jwt-authentication] [http-nio-8080-exec-1] c.p.j.f.RequestResponseLoggingFilter     :    • user-agent: PostmanRuntime/7.44.0
2025-06-02T12:12:51.407+05:30  INFO 3236 --- [jwt-authentication] [http-nio-8080-exec-1] c.p.j.f.RequestResponseLoggingFilter     :    • accept: */*
2025-06-02T12:12:51.407+05:30  INFO 3236 --- [jwt-authentication] [http-nio-8080-exec-1] c.p.j.f.RequestResponseLoggingFilter     :    • cache-control: no-cache
2025-06-02T12:12:51.408+05:30  INFO 3236 --- [jwt-authentication] [http-nio-8080-exec-1] c.p.j.f.RequestResponseLoggingFilter     :    • postman-token: 6fba299e-3895-4f70-8134-d034d2fc40ea
2025-06-02T12:12:51.408+05:30  INFO 3236 --- [jwt-authentication] [http-nio-8080-exec-1] c.p.j.f.RequestResponseLoggingFilter     :    • host: localhost:8080
2025-06-02T12:12:51.408+05:30  INFO 3236 --- [jwt-authentication] [http-nio-8080-exec-1] c.p.j.f.RequestResponseLoggingFilter     :    • accept-encoding: gzip, deflate, br
2025-06-02T12:12:51.408+05:30  INFO 3236 --- [jwt-authentication] [http-nio-8080-exec-1] c.p.j.f.RequestResponseLoggingFilter     :    • connection: keep-alive
2025-06-02T12:13:13.528+05:30  INFO 3236 --- [jwt-authentication] [http-nio-8080-exec-1] c.p.j.f.RequestResponseLoggingFilter     : ⬅️ [Response] GET /api/vehicles | Status: 403 | Time: 22115 ms
2025-06-02T12:13:24.967+05:30  INFO 3236 --- [jwt-authentication] [http-nio-8080-exec-3] c.p.j.f.RequestResponseLoggingFilter     : [Request] GET /api/vehicles
2025-06-02T12:13:24.967+05:30  INFO 3236 --- [jwt-authentication] [http-nio-8080-exec-3] c.p.j.f.RequestResponseLoggingFilter     : Headers:
2025-06-02T12:13:24.968+05:30  INFO 3236 --- [jwt-authentication] [http-nio-8080-exec-3] c.p.j.f.RequestResponseLoggingFilter     : Client IP: 0:0:0:0:0:0:0:1
2025-06-02T12:13:24.968+05:30  INFO 3236 --- [jwt-authentication] [http-nio-8080-exec-3] c.p.j.f.RequestResponseLoggingFilter     :    • authorization: [PROTECTED]
2025-06-02T12:13:24.968+05:30  INFO 3236 --- [jwt-authentication] [http-nio-8080-exec-3] c.p.j.f.RequestResponseLoggingFilter     :    • user-agent: PostmanRuntime/7.44.0
2025-06-02T12:13:24.968+05:30  INFO 3236 --- [jwt-authentication] [http-nio-8080-exec-3] c.p.j.f.RequestResponseLoggingFilter     :    • accept: */*
2025-06-02T12:13:24.968+05:30  INFO 3236 --- [jwt-authentication] [http-nio-8080-exec-3] c.p.j.f.RequestResponseLoggingFilter     :    • cache-control: no-cache
2025-06-02T12:13:24.968+05:30  INFO 3236 --- [jwt-authentication] [http-nio-8080-exec-3] c.p.j.f.RequestResponseLoggingFilter     :    • postman-token: fe03883c-4e7a-4a04-90db-4e533b403043
2025-06-02T12:13:24.969+05:30  INFO 3236 --- [jwt-authentication] [http-nio-8080-exec-3] c.p.j.f.RequestResponseLoggingFilter     :    • host: localhost:8080
2025-06-02T12:13:24.969+05:30  INFO 3236 --- [jwt-authentication] [http-nio-8080-exec-3] c.p.j.f.RequestResponseLoggingFilter     :    • accept-encoding: gzip, deflate, br
2025-06-02T12:13:24.969+05:30  INFO 3236 --- [jwt-authentication] [http-nio-8080-exec-3] c.p.j.f.RequestResponseLoggingFilter     :    • connection: keep-alive
2025-06-02T12:13:40.471+05:30  INFO 3236 --- [jwt-authentication] [http-nio-8080-exec-3] c.p.j.f.RequestResponseLoggingFilter     : ⬅️ [Response] GET /api/vehicles | Status: 403 | Time: 15504 ms
2025-06-02T12:16:52.393+05:30  INFO 3236 --- [jwt-authentication] [http-nio-8080-exec-10] c.p.j.f.RequestResponseLoggingFilter     : [Request] POST /api/vehicles/1
2025-06-02T12:16:52.393+05:30  INFO 3236 --- [jwt-authentication] [http-nio-8080-exec-10] c.p.j.f.RequestResponseLoggingFilter     : Headers:
2025-06-02T12:16:52.393+05:30  INFO 3236 --- [jwt-authentication] [http-nio-8080-exec-10] c.p.j.f.RequestResponseLoggingFilter     : Client IP: 0:0:0:0:0:0:0:1
2025-06-02T12:16:52.393+05:30  INFO 3236 --- [jwt-authentication] [http-nio-8080-exec-10] c.p.j.f.RequestResponseLoggingFilter     :    • authorization: [PROTECTED]
2025-06-02T12:16:52.393+05:30  INFO 3236 --- [jwt-authentication] [http-nio-8080-exec-10] c.p.j.f.RequestResponseLoggingFilter     :    • user-agent: PostmanRuntime/7.44.0
2025-06-02T12:16:52.393+05:30  INFO 3236 --- [jwt-authentication] [http-nio-8080-exec-10] c.p.j.f.RequestResponseLoggingFilter     :    • accept: */*
2025-06-02T12:16:52.393+05:30  INFO 3236 --- [jwt-authentication] [http-nio-8080-exec-10] c.p.j.f.RequestResponseLoggingFilter     :    • cache-control: no-cache
2025-06-02T12:16:52.393+05:30  INFO 3236 --- [jwt-authentication] [http-nio-8080-exec-10] c.p.j.f.RequestResponseLoggingFilter     :    • postman-token: 0f0ae87f-5be1-4aa3-b581-590e614de25c
2025-06-02T12:16:52.394+05:30  INFO 3236 --- [jwt-authentication] [http-nio-8080-exec-10] c.p.j.f.RequestResponseLoggingFilter     :    • host: localhost:8080
2025-06-02T12:16:52.394+05:30  INFO 3236 --- [jwt-authentication] [http-nio-8080-exec-10] c.p.j.f.RequestResponseLoggingFilter     :    • accept-encoding: gzip, deflate, br
2025-06-02T12:16:52.394+05:30  INFO 3236 --- [jwt-authentication] [http-nio-8080-exec-10] c.p.j.f.RequestResponseLoggingFilter     :    • connection: keep-alive
2025-06-02T12:16:52.394+05:30  INFO 3236 --- [jwt-authentication] [http-nio-8080-exec-10] c.p.j.f.RequestResponseLoggingFilter     :    • content-length: 0
2025-06-02T12:16:52.399+05:30  INFO 3236 --- [jwt-authentication] [http-nio-8080-exec-10] c.p.j.f.RequestResponseLoggingFilter     : ⬅️ [Response] POST /api/vehicles/1 | Status: 500 | Time: 6 ms
2025-06-02T12:17:00.023+05:30  INFO 3236 --- [jwt-authentication] [http-nio-8080-exec-2] c.p.j.f.RequestResponseLoggingFilter     : [Request] GET /api/vehicles/1
2025-06-02T12:17:00.023+05:30  INFO 3236 --- [jwt-authentication] [http-nio-8080-exec-2] c.p.j.f.RequestResponseLoggingFilter     : Headers:
2025-06-02T12:17:00.024+05:30  INFO 3236 --- [jwt-authentication] [http-nio-8080-exec-2] c.p.j.f.RequestResponseLoggingFilter     : Client IP: 0:0:0:0:0:0:0:1
2025-06-02T12:17:00.024+05:30  INFO 3236 --- [jwt-authentication] [http-nio-8080-exec-2] c.p.j.f.RequestResponseLoggingFilter     :    • authorization: [PROTECTED]
2025-06-02T12:17:00.024+05:30  INFO 3236 --- [jwt-authentication] [http-nio-8080-exec-2] c.p.j.f.RequestResponseLoggingFilter     :    • user-agent: PostmanRuntime/7.44.0
2025-06-02T12:17:00.024+05:30  INFO 3236 --- [jwt-authentication] [http-nio-8080-exec-2] c.p.j.f.RequestResponseLoggingFilter     :    • accept: */*
2025-06-02T12:17:00.024+05:30  INFO 3236 --- [jwt-authentication] [http-nio-8080-exec-2] c.p.j.f.RequestResponseLoggingFilter     :    • cache-control: no-cache
2025-06-02T12:17:00.024+05:30  INFO 3236 --- [jwt-authentication] [http-nio-8080-exec-2] c.p.j.f.RequestResponseLoggingFilter     :    • postman-token: ba40a1b2-5e6b-40d1-8785-6008cb309c47
2025-06-02T12:17:00.024+05:30  INFO 3236 --- [jwt-authentication] [http-nio-8080-exec-2] c.p.j.f.RequestResponseLoggingFilter     :    • host: localhost:8080
2025-06-02T12:17:00.025+05:30  INFO 3236 --- [jwt-authentication] [http-nio-8080-exec-2] c.p.j.f.RequestResponseLoggingFilter     :    • accept-encoding: gzip, deflate, br
2025-06-02T12:17:00.025+05:30  INFO 3236 --- [jwt-authentication] [http-nio-8080-exec-2] c.p.j.f.RequestResponseLoggingFilter     :    • connection: keep-alive
2025-06-02T12:17:00.122+05:30  INFO 3236 --- [jwt-authentication] [http-nio-8080-exec-2] c.p.j.f.RequestResponseLoggingFilter     : ⬅️ [Response] GET /api/vehicles/1 | Status: 200 | Time: 99 ms
2025-06-02T12:17:43.217+05:30  INFO 3236 --- [jwt-authentication] [http-nio-8080-exec-1] c.p.j.f.RequestResponseLoggingFilter     : [Request] GET /api/vehicles
2025-06-02T12:17:43.217+05:30  INFO 3236 --- [jwt-authentication] [http-nio-8080-exec-1] c.p.j.f.RequestResponseLoggingFilter     : Headers:
2025-06-02T12:17:43.217+05:30  INFO 3236 --- [jwt-authentication] [http-nio-8080-exec-1] c.p.j.f.RequestResponseLoggingFilter     : Client IP: 0:0:0:0:0:0:0:1
2025-06-02T12:17:43.217+05:30  INFO 3236 --- [jwt-authentication] [http-nio-8080-exec-1] c.p.j.f.RequestResponseLoggingFilter     :    • authorization: [PROTECTED]
2025-06-02T12:17:43.218+05:30  INFO 3236 --- [jwt-authentication] [http-nio-8080-exec-1] c.p.j.f.RequestResponseLoggingFilter     :    • user-agent: PostmanRuntime/7.44.0
2025-06-02T12:17:43.218+05:30  INFO 3236 --- [jwt-authentication] [http-nio-8080-exec-1] c.p.j.f.RequestResponseLoggingFilter     :    • accept: */*
2025-06-02T12:17:43.218+05:30  INFO 3236 --- [jwt-authentication] [http-nio-8080-exec-1] c.p.j.f.RequestResponseLoggingFilter     :    • cache-control: no-cache
2025-06-02T12:17:43.218+05:30  INFO 3236 --- [jwt-authentication] [http-nio-8080-exec-1] c.p.j.f.RequestResponseLoggingFilter     :    • postman-token: 392bd987-9fc6-4ffb-b66d-6ff12ba1cc6e
2025-06-02T12:17:43.218+05:30  INFO 3236 --- [jwt-authentication] [http-nio-8080-exec-1] c.p.j.f.RequestResponseLoggingFilter     :    • host: localhost:8080
2025-06-02T12:17:43.219+05:30  INFO 3236 --- [jwt-authentication] [http-nio-8080-exec-1] c.p.j.f.RequestResponseLoggingFilter     :    • accept-encoding: gzip, deflate, br
2025-06-02T12:17:43.219+05:30  INFO 3236 --- [jwt-authentication] [http-nio-8080-exec-1] c.p.j.f.RequestResponseLoggingFilter     :    • connection: keep-alive
2025-06-02T12:17:47.901+05:30  INFO 3236 --- [jwt-authentication] [http-nio-8080-exec-1] c.p.j.f.RequestResponseLoggingFilter     : ⬅️ [Response] GET /api/vehicles | Status: 403 | Time: 4684 ms
2025-06-02T12:18:28.762+05:30  INFO 3236 --- [jwt-authentication] [http-nio-8080-exec-4] c.p.j.f.RequestResponseLoggingFilter     : [Request] GET /api/vehicles
2025-06-02T12:18:28.763+05:30  INFO 3236 --- [jwt-authentication] [http-nio-8080-exec-4] c.p.j.f.RequestResponseLoggingFilter     : Headers:
2025-06-02T12:18:28.763+05:30  INFO 3236 --- [jwt-authentication] [http-nio-8080-exec-4] c.p.j.f.RequestResponseLoggingFilter     : Client IP: 0:0:0:0:0:0:0:1
2025-06-02T12:18:28.763+05:30  INFO 3236 --- [jwt-authentication] [http-nio-8080-exec-4] c.p.j.f.RequestResponseLoggingFilter     :    • authorization: [PROTECTED]
2025-06-02T12:18:28.763+05:30  INFO 3236 --- [jwt-authentication] [http-nio-8080-exec-4] c.p.j.f.RequestResponseLoggingFilter     :    • user-agent: PostmanRuntime/7.44.0
2025-06-02T12:18:28.763+05:30  INFO 3236 --- [jwt-authentication] [http-nio-8080-exec-4] c.p.j.f.RequestResponseLoggingFilter     :    • accept: */*
2025-06-02T12:18:28.763+05:30  INFO 3236 --- [jwt-authentication] [http-nio-8080-exec-4] c.p.j.f.RequestResponseLoggingFilter     :    • cache-control: no-cache
2025-06-02T12:18:28.764+05:30  INFO 3236 --- [jwt-authentication] [http-nio-8080-exec-4] c.p.j.f.RequestResponseLoggingFilter     :    • postman-token: ac103f81-cc67-48b3-afb7-ac47098b95e0
2025-06-02T12:18:28.764+05:30  INFO 3236 --- [jwt-authentication] [http-nio-8080-exec-4] c.p.j.f.RequestResponseLoggingFilter     :    • host: localhost:8080
2025-06-02T12:18:28.764+05:30  INFO 3236 --- [jwt-authentication] [http-nio-8080-exec-4] c.p.j.f.RequestResponseLoggingFilter     :    • accept-encoding: gzip, deflate, br
2025-06-02T12:18:28.764+05:30  INFO 3236 --- [jwt-authentication] [http-nio-8080-exec-4] c.p.j.f.RequestResponseLoggingFilter     :    • connection: keep-alive
2025-06-02T12:18:31.914+05:30  INFO 3236 --- [jwt-authentication] [http-nio-8080-exec-4] c.p.j.f.RequestResponseLoggingFilter     : ⬅️ [Response] GET /api/vehicles | Status: 403 | Time: 3152 ms
2025-06-02T12:19:46.456+05:30  INFO 3236 --- [jwt-authentication] [SpringApplicationShutdownHook] o.s.b.w.e.tomcat.GracefulShutdown        : Commencing graceful shutdown. Waiting for active requests to complete
2025-06-02T12:19:46.514+05:30  INFO 3236 --- [jwt-authentication] [tomcat-shutdown] o.s.b.w.e.tomcat.GracefulShutdown        : Graceful shutdown complete
2025-06-02T12:19:46.535+05:30  INFO 3236 --- [jwt-authentication] [SpringApplicationShutdownHook] j.LocalContainerEntityManagerFactoryBean : Closing JPA EntityManagerFactory for persistence unit 'default'
2025-06-02T12:19:46.537+05:30  INFO 3236 --- [jwt-authentication] [SpringApplicationShutdownHook] com.zaxxer.hikari.HikariDataSource       : HikariPool-1 - Shutdown initiated...
2025-06-02T12:19:46.544+05:30  INFO 3236 --- [jwt-authentication] [SpringApplicationShutdownHook] com.zaxxer.hikari.HikariDataSource       : HikariPool-1 - Shutdown completed.
2025-06-02T12:19:51.739+05:30  INFO 11296 --- [jwt-authentication] [main] c.p.j.JwtAuthenticationApplication       : Starting JwtAuthenticationApplication using Java 24.0.1 with PID 11296 (E:\Paymedia\5_8_2025\jwt-authentication\target\classes started by prade in E:\Paymedia\5_8_2025\jwt-authentication)
2025-06-02T12:19:51.743+05:30  INFO 11296 --- [jwt-authentication] [main] c.p.j.JwtAuthenticationApplication       : No active profile set, falling back to 1 default profile: "default"
2025-06-02T12:19:52.845+05:30  INFO 11296 --- [jwt-authentication] [main] .s.d.r.c.RepositoryConfigurationDelegate : Bootstrapping Spring Data JPA repositories in DEFAULT mode.
2025-06-02T12:19:53.084+05:30  INFO 11296 --- [jwt-authentication] [main] .s.d.r.c.RepositoryConfigurationDelegate : Finished Spring Data repository scanning in 220 ms. Found 5 JPA repository interfaces.
2025-06-02T12:19:53.672+05:30  WARN 11296 --- [jwt-authentication] [main] trationDelegate$BeanPostProcessorChecker : Bean 'customMethodSecurityConfig' of type [com.paymedia.jwt_authentication.configs.CustomMethodSecurityConfig$$SpringCGLIB$$0] is not eligible for getting processed by all BeanPostProcessors (for example: not eligible for auto-proxying). Is this bean getting eagerly injected/applied to a currently created BeanPostProcessor [projectingArgumentResolverBeanPostProcessor]? Check the corresponding BeanPostProcessor declaration and its dependencies/advisors. If this bean does not have to be post-processed, declare it with ROLE_INFRASTRUCTURE.
2025-06-02T12:19:54.171+05:30  INFO 11296 --- [jwt-authentication] [main] o.s.b.w.embedded.tomcat.TomcatWebServer  : Tomcat initialized with port 8080 (http)
2025-06-02T12:19:54.197+05:30  INFO 11296 --- [jwt-authentication] [main] o.apache.catalina.core.StandardService   : Starting service [Tomcat]
2025-06-02T12:19:54.198+05:30  INFO 11296 --- [jwt-authentication] [main] o.apache.catalina.core.StandardEngine    : Starting Servlet engine: [Apache Tomcat/10.1.40]
2025-06-02T12:19:54.294+05:30  INFO 11296 --- [jwt-authentication] [main] o.a.c.c.C.[Tomcat].[localhost].[/]       : Initializing Spring embedded WebApplicationContext
2025-06-02T12:19:54.295+05:30  INFO 11296 --- [jwt-authentication] [main] w.s.c.ServletWebServerApplicationContext : Root WebApplicationContext: initialization completed in 2477 ms
2025-06-02T12:19:54.575+05:30  INFO 11296 --- [jwt-authentication] [main] o.hibernate.jpa.internal.util.LogHelper  : HHH000204: Processing PersistenceUnitInfo [name: default]
2025-06-02T12:19:54.682+05:30  INFO 11296 --- [jwt-authentication] [main] org.hibernate.Version                    : HHH000412: Hibernate ORM core version 6.6.13.Final
2025-06-02T12:19:54.752+05:30  INFO 11296 --- [jwt-authentication] [main] o.h.c.internal.RegionFactoryInitiator    : HHH000026: Second-level cache disabled
2025-06-02T12:19:55.344+05:30  INFO 11296 --- [jwt-authentication] [main] o.s.o.j.p.SpringPersistenceUnitInfo      : No LoadTimeWeaver setup: ignoring JPA class transformer
2025-06-02T12:19:55.432+05:30  INFO 11296 --- [jwt-authentication] [main] com.zaxxer.hikari.HikariDataSource       : HikariPool-1 - Starting...
2025-06-02T12:19:55.837+05:30  INFO 11296 --- [jwt-authentication] [main] com.zaxxer.hikari.pool.HikariPool        : HikariPool-1 - Added connection com.mysql.cj.jdbc.ConnectionImpl@42d174ad
2025-06-02T12:19:55.842+05:30  INFO 11296 --- [jwt-authentication] [main] com.zaxxer.hikari.HikariDataSource       : HikariPool-1 - Start completed.
2025-06-02T12:19:56.000+05:30  INFO 11296 --- [jwt-authentication] [main] org.hibernate.orm.connections.pooling    : HHH10001005: Database info:
	Database JDBC URL [Connecting through datasource 'HikariDataSource (HikariPool-1)']
	Database driver: undefined/unknown
	Database version: 8.0.41
	Autocommit mode: undefined/unknown
	Isolation level: undefined/unknown
	Minimum pool size: undefined/unknown
	Maximum pool size: undefined/unknown
2025-06-02T12:19:57.530+05:30  INFO 11296 --- [jwt-authentication] [main] o.h.e.t.j.p.i.JtaPlatformInitiator       : HHH000489: No JTA platform available (set 'hibernate.transaction.jta.platform' to enable JTA platform integration)
2025-06-02T12:19:57.633+05:30  INFO 11296 --- [jwt-authentication] [main] j.LocalContainerEntityManagerFactoryBean : Initialized JPA EntityManagerFactory for persistence unit 'default'
2025-06-02T12:19:58.601+05:30  INFO 11296 --- [jwt-authentication] [main] eAuthenticationProviderManagerConfigurer : Global AuthenticationManager configured with AuthenticationProvider bean with name authenticationProvider
2025-06-02T12:19:58.602+05:30  WARN 11296 --- [jwt-authentication] [main] r$InitializeUserDetailsManagerConfigurer : Global AuthenticationManager configured with an AuthenticationProvider bean. UserDetailsService beans will not be used by Spring Security for automatically configuring username/password login. Consider removing the AuthenticationProvider bean. Alternatively, consider using the UserDetailsService in a manually instantiated DaoAuthenticationProvider. If the current configuration is intentional, to turn off this warning, increase the logging level of 'org.springframework.security.config.annotation.authentication.configuration.InitializeUserDetailsBeanManagerConfigurer' to ERROR
2025-06-02T12:20:00.577+05:30  INFO 11296 --- [jwt-authentication] [main] o.s.b.w.embedded.tomcat.TomcatWebServer  : Tomcat started on port 8080 (http) with context path '/'
2025-06-02T12:20:00.600+05:30  INFO 11296 --- [jwt-authentication] [main] c.p.j.JwtAuthenticationApplication       : Started JwtAuthenticationApplication in 9.802 seconds (process running for 10.843)
2025-06-02T12:20:06.671+05:30  INFO 11296 --- [jwt-authentication] [http-nio-8080-exec-2] o.a.c.c.C.[Tomcat].[localhost].[/]       : Initializing Spring DispatcherServlet 'dispatcherServlet'
2025-06-02T12:20:06.671+05:30  INFO 11296 --- [jwt-authentication] [http-nio-8080-exec-2] o.s.web.servlet.DispatcherServlet        : Initializing Servlet 'dispatcherServlet'
2025-06-02T12:20:06.672+05:30  INFO 11296 --- [jwt-authentication] [http-nio-8080-exec-2] o.s.web.servlet.DispatcherServlet        : Completed initialization in 0 ms
2025-06-02T12:20:07.427+05:30  INFO 11296 --- [jwt-authentication] [http-nio-8080-exec-2] c.p.j.f.RequestResponseLoggingFilter     : [Request] GET /api/vehicles
2025-06-02T12:20:07.427+05:30  INFO 11296 --- [jwt-authentication] [http-nio-8080-exec-2] c.p.j.f.RequestResponseLoggingFilter     : Headers:
2025-06-02T12:20:07.427+05:30  INFO 11296 --- [jwt-authentication] [http-nio-8080-exec-2] c.p.j.f.RequestResponseLoggingFilter     : Client IP: 0:0:0:0:0:0:0:1
2025-06-02T12:20:07.432+05:30  INFO 11296 --- [jwt-authentication] [http-nio-8080-exec-2] c.p.j.f.RequestResponseLoggingFilter     :    • authorization: [PROTECTED]
2025-06-02T12:20:07.434+05:30  INFO 11296 --- [jwt-authentication] [http-nio-8080-exec-2] c.p.j.f.RequestResponseLoggingFilter     :    • user-agent: PostmanRuntime/7.44.0
2025-06-02T12:20:07.434+05:30  INFO 11296 --- [jwt-authentication] [http-nio-8080-exec-2] c.p.j.f.RequestResponseLoggingFilter     :    • accept: */*
2025-06-02T12:20:07.434+05:30  INFO 11296 --- [jwt-authentication] [http-nio-8080-exec-2] c.p.j.f.RequestResponseLoggingFilter     :    • cache-control: no-cache
2025-06-02T12:20:07.435+05:30  INFO 11296 --- [jwt-authentication] [http-nio-8080-exec-2] c.p.j.f.RequestResponseLoggingFilter     :    • postman-token: ad4e41ce-28ca-4230-92d5-73dcc432ef39
2025-06-02T12:20:07.435+05:30  INFO 11296 --- [jwt-authentication] [http-nio-8080-exec-2] c.p.j.f.RequestResponseLoggingFilter     :    • host: localhost:8080
2025-06-02T12:20:07.435+05:30  INFO 11296 --- [jwt-authentication] [http-nio-8080-exec-2] c.p.j.f.RequestResponseLoggingFilter     :    • accept-encoding: gzip, deflate, br
2025-06-02T12:20:07.435+05:30  INFO 11296 --- [jwt-authentication] [http-nio-8080-exec-2] c.p.j.f.RequestResponseLoggingFilter     :    • connection: keep-alive
2025-06-02T12:20:16.592+05:30  INFO 11296 --- [jwt-authentication] [http-nio-8080-exec-2] c.p.j.p.CustomPermissionEvaluator        : testuser@test.com has privilege READ
2025-06-02T12:25:08.214+05:30  WARN 11296 --- [jwt-authentication] [HikariPool-1 housekeeper] com.zaxxer.hikari.pool.HikariPool        : HikariPool-1 - Thread starvation or clock leap detected (housekeeper delta=4m29s619ms778µs700ns).
2025-06-02T12:25:08.247+05:30  INFO 11296 --- [jwt-authentication] [http-nio-8080-exec-4] c.p.j.f.RequestResponseLoggingFilter     : [Request] GET /api/vehicles
2025-06-02T12:25:08.247+05:30  INFO 11296 --- [jwt-authentication] [http-nio-8080-exec-4] c.p.j.f.RequestResponseLoggingFilter     : Headers:
2025-06-02T12:25:08.247+05:30  INFO 11296 --- [jwt-authentication] [http-nio-8080-exec-4] c.p.j.f.RequestResponseLoggingFilter     : Client IP: 0:0:0:0:0:0:0:1
2025-06-02T12:25:08.248+05:30  INFO 11296 --- [jwt-authentication] [http-nio-8080-exec-4] c.p.j.f.RequestResponseLoggingFilter     :    • authorization: [PROTECTED]
2025-06-02T12:25:08.248+05:30  INFO 11296 --- [jwt-authentication] [http-nio-8080-exec-4] c.p.j.f.RequestResponseLoggingFilter     :    • user-agent: PostmanRuntime/7.44.0
2025-06-02T12:25:08.248+05:30  INFO 11296 --- [jwt-authentication] [http-nio-8080-exec-4] c.p.j.f.RequestResponseLoggingFilter     :    • accept: */*
2025-06-02T12:25:08.249+05:30  INFO 11296 --- [jwt-authentication] [http-nio-8080-exec-4] c.p.j.f.RequestResponseLoggingFilter     :    • cache-control: no-cache
2025-06-02T12:25:08.249+05:30  INFO 11296 --- [jwt-authentication] [http-nio-8080-exec-4] c.p.j.f.RequestResponseLoggingFilter     :    • postman-token: 940944c9-e475-4719-9c13-f6635d327bc0
2025-06-02T12:25:08.249+05:30  INFO 11296 --- [jwt-authentication] [http-nio-8080-exec-4] c.p.j.f.RequestResponseLoggingFilter     :    • host: localhost:8080
2025-06-02T12:25:08.250+05:30  INFO 11296 --- [jwt-authentication] [http-nio-8080-exec-4] c.p.j.f.RequestResponseLoggingFilter     :    • accept-encoding: gzip, deflate, br
2025-06-02T12:25:08.250+05:30  INFO 11296 --- [jwt-authentication] [http-nio-8080-exec-4] c.p.j.f.RequestResponseLoggingFilter     :    • connection: keep-alive
2025-06-02T12:25:22.488+05:30  INFO 11296 --- [jwt-authentication] [http-nio-8080-exec-4] c.p.j.p.CustomPermissionEvaluator        : PermissionEvaluator hasPermission
2025-06-02T12:25:27.571+05:30  INFO 11296 --- [jwt-authentication] [http-nio-8080-exec-4] c.p.j.p.CustomPermissionEvaluator        : targetDomainObject: TEST
2025-06-02T12:25:31.224+05:30  INFO 11296 --- [jwt-authentication] [http-nio-8080-exec-4] c.p.j.p.CustomPermissionEvaluator        : permission: READ
2025-06-02T12:25:36.684+05:30  INFO 11296 --- [jwt-authentication] [http-nio-8080-exec-4] c.p.j.p.CustomPermissionEvaluator        : authentication: UsernamePasswordAuthenticationToken [Principal=com.paymedia.jwt_authentication.entity.user.User@595dfc93, Credentials=[PROTECTED], Authenticated=true, Details=WebAuthenticationDetails [RemoteIpAddress=0:0:0:0:0:0:0:1, SessionId=null], Granted Authorities=[TEST_READ, ROLE_TEST, TEST_UPDATE]]
2025-06-02T12:25:52.955+05:30  INFO 11296 --- [jwt-authentication] [http-nio-8080-exec-4] c.p.j.p.CustomPermissionEvaluator        : testuser@test.com has privilege READ
2025-06-02T12:26:09.997+05:30  INFO 11296 --- [jwt-authentication] [http-nio-8080-exec-4] c.p.j.f.RequestResponseLoggingFilter     : ⬅️ [Response] GET /api/vehicles | Status: 403 | Time: 61745 ms
2025-06-02T12:26:09.997+05:30  INFO 11296 --- [jwt-authentication] [http-nio-8080-exec-2] c.p.j.f.RequestResponseLoggingFilter     : ⬅️ [Response] GET /api/vehicles | Status: 403 | Time: 362565 ms
2025-06-02T12:26:28.772+05:30  INFO 11296 --- [jwt-authentication] [http-nio-8080-exec-6] c.p.j.f.RequestResponseLoggingFilter     : [Request] GET /api/vehicles
2025-06-02T12:26:28.772+05:30  INFO 11296 --- [jwt-authentication] [http-nio-8080-exec-6] c.p.j.f.RequestResponseLoggingFilter     : Headers:
2025-06-02T12:26:28.772+05:30  INFO 11296 --- [jwt-authentication] [http-nio-8080-exec-6] c.p.j.f.RequestResponseLoggingFilter     : Client IP: 0:0:0:0:0:0:0:1
2025-06-02T12:26:28.772+05:30  INFO 11296 --- [jwt-authentication] [http-nio-8080-exec-6] c.p.j.f.RequestResponseLoggingFilter     :    • authorization: [PROTECTED]
2025-06-02T12:26:28.773+05:30  INFO 11296 --- [jwt-authentication] [http-nio-8080-exec-6] c.p.j.f.RequestResponseLoggingFilter     :    • user-agent: PostmanRuntime/7.44.0
2025-06-02T12:26:28.773+05:30  INFO 11296 --- [jwt-authentication] [http-nio-8080-exec-6] c.p.j.f.RequestResponseLoggingFilter     :    • accept: */*
2025-06-02T12:26:28.773+05:30  INFO 11296 --- [jwt-authentication] [http-nio-8080-exec-6] c.p.j.f.RequestResponseLoggingFilter     :    • cache-control: no-cache
2025-06-02T12:26:28.773+05:30  INFO 11296 --- [jwt-authentication] [http-nio-8080-exec-6] c.p.j.f.RequestResponseLoggingFilter     :    • postman-token: b2951d06-d562-4b0d-9366-957826f02bc2
2025-06-02T12:26:28.774+05:30  INFO 11296 --- [jwt-authentication] [http-nio-8080-exec-6] c.p.j.f.RequestResponseLoggingFilter     :    • host: localhost:8080
2025-06-02T12:26:28.774+05:30  INFO 11296 --- [jwt-authentication] [http-nio-8080-exec-6] c.p.j.f.RequestResponseLoggingFilter     :    • accept-encoding: gzip, deflate, br
2025-06-02T12:26:28.774+05:30  INFO 11296 --- [jwt-authentication] [http-nio-8080-exec-6] c.p.j.f.RequestResponseLoggingFilter     :    • connection: keep-alive
2025-06-02T12:26:39.265+05:30  INFO 11296 --- [jwt-authentication] [http-nio-8080-exec-6] c.p.j.p.CustomPermissionEvaluator        : PermissionEvaluator hasPermission
2025-06-02T12:26:39.266+05:30  INFO 11296 --- [jwt-authentication] [http-nio-8080-exec-6] c.p.j.p.CustomPermissionEvaluator        : targetDomainObject: TEST
2025-06-02T12:26:39.266+05:30  INFO 11296 --- [jwt-authentication] [http-nio-8080-exec-6] c.p.j.p.CustomPermissionEvaluator        : permission: READ
2025-06-02T12:26:39.266+05:30  INFO 11296 --- [jwt-authentication] [http-nio-8080-exec-6] c.p.j.p.CustomPermissionEvaluator        : authentication: UsernamePasswordAuthenticationToken [Principal=com.paymedia.jwt_authentication.entity.user.User@776c3534, Credentials=[PROTECTED], Authenticated=true, Details=WebAuthenticationDetails [RemoteIpAddress=0:0:0:0:0:0:0:1, SessionId=null], Granted Authorities=[TEST_READ, ROLE_TEST, TEST_UPDATE]]
2025-06-02T12:26:44.274+05:30  INFO 11296 --- [jwt-authentication] [http-nio-8080-exec-6] c.p.j.p.CustomPermissionEvaluator        : testuser@test.com has privilege READ
2025-06-02T12:33:45.947+05:30  WARN 11296 --- [jwt-authentication] [HikariPool-1 housekeeper] com.zaxxer.hikari.pool.HikariPool        : HikariPool-1 - Thread starvation or clock leap detected (housekeeper delta=6m56s756ms951µs800ns).
2025-06-02T12:33:45.960+05:30  INFO 11296 --- [jwt-authentication] [http-nio-8080-exec-6] c.p.j.f.RequestResponseLoggingFilter     : ⬅️ [Response] GET /api/vehicles | Status: 403 | Time: 437187 ms
2025-06-02T12:33:50.416+05:30  INFO 11296 --- [jwt-authentication] [http-nio-8080-exec-9] c.p.j.f.RequestResponseLoggingFilter     : [Request] GET /api/vehicles
2025-06-02T12:33:50.417+05:30  INFO 11296 --- [jwt-authentication] [http-nio-8080-exec-9] c.p.j.f.RequestResponseLoggingFilter     : Headers:
2025-06-02T12:33:50.417+05:30  INFO 11296 --- [jwt-authentication] [http-nio-8080-exec-9] c.p.j.f.RequestResponseLoggingFilter     : Client IP: 0:0:0:0:0:0:0:1
2025-06-02T12:33:50.417+05:30  INFO 11296 --- [jwt-authentication] [http-nio-8080-exec-9] c.p.j.f.RequestResponseLoggingFilter     :    • authorization: [PROTECTED]
2025-06-02T12:33:50.417+05:30  INFO 11296 --- [jwt-authentication] [http-nio-8080-exec-9] c.p.j.f.RequestResponseLoggingFilter     :    • user-agent: PostmanRuntime/7.44.0
2025-06-02T12:33:50.417+05:30  INFO 11296 --- [jwt-authentication] [http-nio-8080-exec-9] c.p.j.f.RequestResponseLoggingFilter     :    • accept: */*
2025-06-02T12:33:50.417+05:30  INFO 11296 --- [jwt-authentication] [http-nio-8080-exec-9] c.p.j.f.RequestResponseLoggingFilter     :    • cache-control: no-cache
2025-06-02T12:33:50.417+05:30  INFO 11296 --- [jwt-authentication] [http-nio-8080-exec-9] c.p.j.f.RequestResponseLoggingFilter     :    • postman-token: 0e1ebcf7-c742-41ff-a83c-3fd05500cacf
2025-06-02T12:33:50.417+05:30  INFO 11296 --- [jwt-authentication] [http-nio-8080-exec-9] c.p.j.f.RequestResponseLoggingFilter     :    • host: localhost:8080
2025-06-02T12:33:50.418+05:30  INFO 11296 --- [jwt-authentication] [http-nio-8080-exec-9] c.p.j.f.RequestResponseLoggingFilter     :    • accept-encoding: gzip, deflate, br
2025-06-02T12:33:50.418+05:30  INFO 11296 --- [jwt-authentication] [http-nio-8080-exec-9] c.p.j.f.RequestResponseLoggingFilter     :    • connection: keep-alive
2025-06-02T12:33:53.671+05:30  INFO 11296 --- [jwt-authentication] [http-nio-8080-exec-9] c.p.j.p.CustomPermissionEvaluator        : PermissionEvaluator hasPermission
2025-06-02T12:33:53.671+05:30  INFO 11296 --- [jwt-authentication] [http-nio-8080-exec-9] c.p.j.p.CustomPermissionEvaluator        : targetDomainObject: TEST
2025-06-02T12:33:53.671+05:30  INFO 11296 --- [jwt-authentication] [http-nio-8080-exec-9] c.p.j.p.CustomPermissionEvaluator        : permission: READ
2025-06-02T12:33:53.671+05:30  INFO 11296 --- [jwt-authentication] [http-nio-8080-exec-9] c.p.j.p.CustomPermissionEvaluator        : authentication: UsernamePasswordAuthenticationToken [Principal=com.paymedia.jwt_authentication.entity.user.User@5adb16b1, Credentials=[PROTECTED], Authenticated=true, Details=WebAuthenticationDetails [RemoteIpAddress=0:0:0:0:0:0:0:1, SessionId=null], Granted Authorities=[TEST_READ, ROLE_TEST, TEST_UPDATE]]
2025-06-02T12:33:59.205+05:30  INFO 11296 --- [jwt-authentication] [http-nio-8080-exec-9] c.p.j.p.CustomPermissionEvaluator        : testuser@test.com has privilege READ
2025-06-02T12:33:59.211+05:30  INFO 11296 --- [jwt-authentication] [http-nio-8080-exec-9] c.p.j.f.RequestResponseLoggingFilter     : ⬅️ [Response] GET /api/vehicles | Status: 403 | Time: 8794 ms
2025-06-02T12:34:52.049+05:30  INFO 11296 --- [jwt-authentication] [SpringApplicationShutdownHook] o.s.b.w.e.tomcat.GracefulShutdown        : Commencing graceful shutdown. Waiting for active requests to complete
2025-06-02T12:34:52.103+05:30  INFO 11296 --- [jwt-authentication] [tomcat-shutdown] o.s.b.w.e.tomcat.GracefulShutdown        : Graceful shutdown complete
2025-06-02T12:34:52.127+05:30  INFO 11296 --- [jwt-authentication] [SpringApplicationShutdownHook] j.LocalContainerEntityManagerFactoryBean : Closing JPA EntityManagerFactory for persistence unit 'default'
2025-06-02T12:34:52.130+05:30  INFO 11296 --- [jwt-authentication] [SpringApplicationShutdownHook] com.zaxxer.hikari.HikariDataSource       : HikariPool-1 - Shutdown initiated...
2025-06-02T12:34:52.142+05:30  INFO 11296 --- [jwt-authentication] [SpringApplicationShutdownHook] com.zaxxer.hikari.HikariDataSource       : HikariPool-1 - Shutdown completed.
